{"timestamp": "2026-06-28T00:17:45.760304", "level": "INFO", "message": "Migration v1 ('v1') applied successfully.", "module": "migrations", "filename": "migrations.py", "line": 105, "metadata": {}}
{"timestamp": "2026-06-28T00:17:45.761305", "level": "INFO", "message": "Migration v2 ('v2') applied successfully.", "module": "migrations", "filename": "migrations.py", "line": 105, "metadata": {}}
{"timestamp": "2026-06-28T00:17:45.762303", "level": "INFO", "message": "Migration v1 ('v1') applied successfully.", "module": "migrations", "filename": "migrations.py", "line": 105, "metadata": {}}
{"timestamp": "2026-06-28T00:17:45.763302", "level": "INFO", "message": "Migration v2 ('v2') applied successfully.", "module": "migrations", "filename": "migrations.py", "line": 105, "metadata": {}}
{"timestamp": "2026-06-28T00:17:45.764301", "level": "INFO", "message": "Migration v1 ('v1') applied successfully.", "module": "migrations", "filename": "migrations.py", "line": 105, "metadata": {}}
{"timestamp": "2026-06-28T00:17:45.765301", "level": "INFO", "message": "Migration v2 ('v2') applied successfully.", "module": "migrations", "filename": "migrations.py", "line": 105, "metadata": {}}
{"timestamp": "2026-06-28T00:17:45.765301", "level": "INFO", "message": "Migration v3 ('v3') applied successfully.", "module": "migrations", "filename": "migrations.py", "line": 105, "metadata": {}}
{"timestamp": "2026-06-28T00:17:45.766302", "level": "INFO", "message": "Migration v1 ('multi') applied successfully.", "module": "migrations", "filename": "migrations.py", "line": 105, "metadata": {}}
{"timestamp": "2026-06-28T00:17:45.770299", "level": "INFO", "message": "Migration v1 ('create foo') applied successfully.", "module": "migrations", "filename": "migrations.py", "line": 105, "metadata": {}}
{"timestamp": "2026-06-28T00:17:45.771299", "level": "INFO", "message": "Migration v1 ('create bar') applied successfully.", "module": "migrations", "filename": "migrations.py", "line": 105, "metadata": {}}
{"timestamp": "2026-06-28T00:17:45.772299", "level": "INFO", "message": "Migration v1 ('create t') applied successfully.", "module": "migrations", "filename": "migrations.py", "line": 105, "metadata": {}}
{"timestamp": "2026-06-28T00:18:14.307118", "level": "INFO", "message": "Migration v1 ('v1') applied successfully.", "module": "migrations", "filename": "migrations.py", "line": 105, "metadata": {}}
{"timestamp": "2026-06-28T00:18:14.308117", "level": "INFO", "message": "Migration v2 ('v2') applied successfully.", "module": "migrations", "filename": "migrations.py", "line": 105, "metadata": {}}
{"timestamp": "2026-06-28T00:18:14.309117", "level": "INFO", "message": "Migration v1 ('v1') applied successfully.", "module": "migrations", "filename": "migrations.py", "line": 105, "metadata": {}}
{"timestamp": "2026-06-28T00:18:14.310117", "level": "INFO", "message": "Migration v2 ('v2') applied successfully.", "module": "migrations", "filename": "migrations.py", "line": 105, "metadata": {}}
{"timestamp": "2026-06-28T00:18:14.311116", "level": "INFO", "message": "Migration v1 ('v1') applied successfully.", "module": "migrations", "filename": "migrations.py", "line": 105, "metadata": {}}
{"timestamp": "2026-06-28T00:18:14.312115", "level": "INFO", "message": "Migration v2 ('v2') applied successfully.", "module": "migrations", "filename": "migrations.py", "line": 105, "metadata": {}}
{"timestamp": "2026-06-28T00:18:14.312115", "level": "INFO", "message": "Migration v3 ('v3') applied successfully.", "module": "migrations", "filename": "migrations.py", "line": 105, "metadata": {}}
{"timestamp": "2026-06-28T00:18:14.313116", "level": "INFO", "message": "Migration v1 ('multi') applied successfully.", "module": "migrations", "filename": "migrations.py", "line": 105, "metadata": {}}
{"timestamp": "2026-06-28T00:18:14.314113", "level": "INFO", "message": "Migration v1 ('create foo') applied successfully.", "module": "migrations", "filename": "migrations.py", "line": 105, "metadata": {}}
{"timestamp": "2026-06-28T00:18:14.315114", "level": "INFO", "message": "Migration v1 ('create bar') applied successfully.", "module": "migrations", "filename": "migrations.py", "line": 105, "metadata": {}}
{"timestamp": "2026-06-28T00:18:14.316112", "level": "INFO", "message": "Migration v1 ('create t') applied successfully.", "module": "migrations", "filename": "migrations.py", "line": 105, "metadata": {}}
